Running: D:\ProgramFiles\Xilinx\14.7\ISE_DS\ISE\bin\nt64\unwrapped\fuse.exe -intstyle ise -incremental -lib secureip -o E:/VHDL/final/lab3_simuoation/test_isim_beh.exe -prj E:/VHDL/final/lab3_simuoation/test_beh.prj work.test 
ISim P.20131013 (signature 0x7708f090)
Number of CPUs detected in this system: 4
Turning on mult-threading, number of parallel sub-compilation jobs: 8 
Determining compilation order of HDL files
Parsing VHDL file "E:/VHDL/final/lab3_simuoation/display.vhd" into library work
Parsing VHDL file "E:/VHDL/final/lab3_simuoation/top.vhd" into library work
Parsing VHDL file "E:/VHDL/final/lab3_simuoation/test.vhd" into library work
Starting static elaboration
Completed static elaboration
Compiling package standard
Compiling package std_logic_1164
Compiling package std_logic_arith
Compiling package std_logic_unsigned
Compiling architecture behavioral of entity display [display_default]
Compiling architecture behavioral of entity combination_lock [combination_lock_default]
Compiling architecture behavior of entity test
Time Resolution for simulation is 1ps.
Waiting for 1 sub-compilation(s) to finish...
Compiled 9 VHDL Units
Built simulation executable E:/VHDL/final/lab3_simuoation/test_isim_beh.exe
Fuse Memory Usage: 35188 KB
Fuse CPU Usage: 624 ms
